  Main.cpp
C:\Dev\VaxMan\src\Main.cpp(104,58): warning C4244: 'argument': conversion from '_Ty' to 'int', possible loss of data
          with
          [
              _Ty=float
          ]
C:\Dev\VaxMan\src\Main.cpp(104,29): warning C4244: 'argument': conversion from '_Ty' to 'int', possible loss of data
          with
          [
              _Ty=float
          ]
C:\Dev\VaxMan\src\Main.cpp(129,65): warning C4244: '=': conversion from 'double' to 'int', possible loss of data
C:\Dev\VaxMan\src\Main.cpp(130,65): warning C4244: '=': conversion from 'double' to 'int', possible loss of data
C:\Dev\VaxMan\src\Main.cpp(132,18): warning C4244: 'argument': conversion from 'int' to 'GLfloat', possible loss of data
C:\Dev\VaxMan\src\Main.cpp(132,15): warning C4244: 'argument': conversion from 'int' to 'GLfloat', possible loss of data
C:\Dev\VaxMan\src\Main.cpp(133,65): warning C4244: '=': conversion from 'double' to 'int', possible loss of data
C:\Dev\VaxMan\src\Main.cpp(134,65): warning C4244: '=': conversion from 'double' to 'int', possible loss of data
C:\Dev\VaxMan\src\Main.cpp(135,18): warning C4244: 'argument': conversion from 'int' to 'GLfloat', possible loss of data
C:\Dev\VaxMan\src\Main.cpp(135,15): warning C4244: 'argument': conversion from 'int' to 'GLfloat', possible loss of data
C:\Dev\VaxMan\src\Main.cpp(148,48): warning C4244: '=': conversion from 'double' to 'int', possible loss of data
C:\Dev\VaxMan\src\Main.cpp(149,48): warning C4244: '=': conversion from 'double' to 'int', possible loss of data
C:\Dev\VaxMan\src\Main.cpp(151,18): warning C4244: 'argument': conversion from 'int' to 'GLfloat', possible loss of data
C:\Dev\VaxMan\src\Main.cpp(151,15): warning C4244: 'argument': conversion from 'int' to 'GLfloat', possible loss of data
C:\Dev\VaxMan\src\Main.cpp(152,47): warning C4244: '=': conversion from 'double' to 'int', possible loss of data
C:\Dev\VaxMan\src\Main.cpp(153,47): warning C4244: '=': conversion from 'double' to 'int', possible loss of data
C:\Dev\VaxMan\src\Main.cpp(154,18): warning C4244: 'argument': conversion from 'int' to 'GLfloat', possible loss of data
C:\Dev\VaxMan\src\Main.cpp(154,15): warning C4244: 'argument': conversion from 'int' to 'GLfloat', possible loss of data
C:\Dev\VaxMan\src\Main.cpp(161,23): warning C4305: 'argument': truncation from 'double' to 'GLfloat'
C:\Dev\VaxMan\src\Main.cpp(185,16): warning C4244: 'initializing': conversion from 'float' to 'int', possible loss of data
C:\Dev\VaxMan\src\Main.cpp(187,31): warning C4244: '=': conversion from 'int' to 'float', possible loss of data
C:\Dev\VaxMan\src\Main.cpp(196,16): warning C4244: 'initializing': conversion from 'float' to 'int', possible loss of data
C:\Dev\VaxMan\src\Main.cpp(198,31): warning C4244: '=': conversion from 'int' to 'float', possible loss of data
C:\Dev\VaxMan\src\Main.cpp(207,16): warning C4244: 'initializing': conversion from 'float' to 'int', possible loss of data
C:\Dev\VaxMan\src\Main.cpp(209,31): warning C4244: '=': conversion from 'int' to 'float', possible loss of data
C:\Dev\VaxMan\src\Main.cpp(218,16): warning C4244: 'initializing': conversion from 'float' to 'int', possible loss of data
C:\Dev\VaxMan\src\Main.cpp(220,31): warning C4244: '=': conversion from 'int' to 'float', possible loss of data
C:\Dev\VaxMan\src\Main.cpp(259,11): warning C4244: 'initializing': conversion from 'double' to 'float', possible loss of data
C:\Dev\VaxMan\src\Main.cpp(260,10): warning C4244: 'initializing': conversion from 'double' to 'float', possible loss of data
C:\Dev\VaxMan\src\Main.cpp(265,40): warning C4244: 'argument': conversion from 'float' to 'unsigned __int64', possible loss of data
C:\Dev\VaxMan\src\Main.cpp(273,40): warning C4244: 'argument': conversion from 'float' to 'unsigned __int64', possible loss of data
C:\Dev\VaxMan\src\Main.cpp(281,25): warning C4244: 'argument': conversion from 'float' to 'const unsigned __int64', possible loss of data
C:\Dev\VaxMan\src\Main.cpp(289,25): warning C4244: 'argument': conversion from 'float' to 'const unsigned __int64', possible loss of data
C:\Dev\VaxMan\src\Main.cpp(338,58): error C2440: 'initializing': cannot convert from 'const char [38]' to 'char *'
C:\Dev\VaxMan\src\Main.cpp(338,17): message : Conversion from string literal loses const qualifier (see /Zc:strictStrings)
C:\Dev\VaxMan\src\Main.cpp(342,41): error C2440: '=': cannot convert from 'const char [27]' to 'char *'
C:\Dev\VaxMan\src\Main.cpp(342,13): message : Conversion from string literal loses const qualifier (see /Zc:strictStrings)
C:\Dev\VaxMan\src\Main.cpp(347,52): error C2440: '=': cannot convert from 'const char [38]' to 'char *'
C:\Dev\VaxMan\src\Main.cpp(347,13): message : Conversion from string literal loses const qualifier (see /Zc:strictStrings)
C:\Dev\VaxMan\src\Main.cpp(351,65): error C2440: '=': cannot convert from 'const char [51]' to 'char *'
C:\Dev\VaxMan\src\Main.cpp(351,13): message : Conversion from string literal loses const qualifier (see /Zc:strictStrings)
C:\Dev\VaxMan\src\Main.cpp(358,46): error C2440: 'initializing': cannot convert from 'const char [26]' to 'char *'
C:\Dev\VaxMan\src\Main.cpp(358,17): message : Conversion from string literal loses const qualifier (see /Zc:strictStrings)
C:\Dev\VaxMan\src\Main.cpp(362,35): error C2440: '=': cannot convert from 'const char [21]' to 'char *'
C:\Dev\VaxMan\src\Main.cpp(362,13): message : Conversion from string literal loses const qualifier (see /Zc:strictStrings)
C:\Dev\VaxMan\src\Main.cpp(367,40): error C2440: '=': cannot convert from 'const char [26]' to 'char *'
C:\Dev\VaxMan\src\Main.cpp(367,13): message : Conversion from string literal loses const qualifier (see /Zc:strictStrings)
C:\Dev\VaxMan\src\Main.cpp(371,24): error C2440: '=': cannot convert from 'const char [10]' to 'char *'
C:\Dev\VaxMan\src\Main.cpp(371,13): message : Conversion from string literal loses const qualifier (see /Zc:strictStrings)
C:\Dev\VaxMan\src\Main.cpp(380,23): error C2440: '=': cannot convert from 'const char [9]' to 'char *'
C:\Dev\VaxMan\src\Main.cpp(380,13): message : Conversion from string literal loses const qualifier (see /Zc:strictStrings)
C:\Dev\VaxMan\src\Main.cpp(384,65): error C2440: '=': cannot convert from 'const char [51]' to 'char *'
C:\Dev\VaxMan\src\Main.cpp(384,13): message : Conversion from string literal loses const qualifier (see /Zc:strictStrings)
C:\Dev\VaxMan\src\Main.cpp(393,31): warning C4305: 'argument': truncation from 'double' to 'GLclampf'
C:\Dev\VaxMan\src\Main.cpp(394,57): error C2440: 'initializing': cannot convert from 'const char [38]' to 'char *'
C:\Dev\VaxMan\src\Main.cpp(394,16): message : Conversion from string literal loses const qualifier (see /Zc:strictStrings)
C:\Dev\VaxMan\src\Main.cpp(398,40): error C2440: '=': cannot convert from 'const char [27]' to 'char *'
C:\Dev\VaxMan\src\Main.cpp(398,12): message : Conversion from string literal loses const qualifier (see /Zc:strictStrings)
C:\Dev\VaxMan\src\Main.cpp(403,51): error C2440: '=': cannot convert from 'const char [38]' to 'char *'
C:\Dev\VaxMan\src\Main.cpp(403,12): message : Conversion from string literal loses const qualifier (see /Zc:strictStrings)
C:\Dev\VaxMan\src\Main.cpp(407,93): error C2440: '=': cannot convert from 'const char [80]' to 'char *'
C:\Dev\VaxMan\src\Main.cpp(407,12): message : Conversion from string literal loses const qualifier (see /Zc:strictStrings)
C:\Dev\VaxMan\src\Main.cpp(411,64): error C2440: '=': cannot convert from 'const char [51]' to 'char *'
C:\Dev\VaxMan\src\Main.cpp(411,12): message : Conversion from string literal loses const qualifier (see /Zc:strictStrings)
C:\Dev\VaxMan\src\Main.cpp(428,65): warning C4244: 'argument': conversion from 'double' to 'float', possible loss of data
C:\Dev\VaxMan\src\Main.cpp(428,32): warning C4244: 'argument': conversion from 'double' to 'float', possible loss of data
C:\Dev\VaxMan\src\Main.cpp(429,51): warning C4244: 'argument': conversion from 'int' to 'float', possible loss of data
C:\Dev\VaxMan\src\Main.cpp(429,37): warning C4244: 'argument': conversion from 'double' to 'float', possible loss of data
C:\Dev\VaxMan\src\Main.cpp(429,19): warning C4244: 'argument': conversion from 'double' to 'float', possible loss of data
C:\Dev\VaxMan\src\Main.cpp(436,55): warning C4305: 'argument': truncation from 'double' to 'float'
C:\Dev\VaxMan\src\Main.cpp(437,55): warning C4305: 'argument': truncation from 'double' to 'float'
